<?xml version="1.0" encoding="UTF-8"?>
<!-- Generated by org.testng.reporters.JUnitReportReporter -->
<testsuite hostname="DESKTOP-BG61G85" failures="0" tests="3" name="test1.SecondTest" time="0.013" errors="0" timestamp="2021-02-14T10:30:24 GMT-07:00" skipped="0">
  <testcase classname="test1.SecondTest" name="Test6" time="0.003"/>
  <system-out/>
  <testcase classname="test1.SecondTest" name="Test4" time="0.008"/>
  <system-out/>
  <testcase classname="test1.SecondTest" name="Test5" time="0.002"/>
  <system-out/>
</testsuite> <!-- test1.SecondTest -->
