<?xml version="1.0" encoding="UTF-8"?>
<!-- Generated by org.testng.reporters.JUnitReportReporter -->
<testsuite hostname="DESKTOP-BG61G85" failures="0" tests="1" name="test2.SecondTest" time="0.001" errors="0" timestamp="2021-02-14T18:06:28 GMT-07:00" skipped="0">
  <testcase classname="test2.SecondTest" name="Test2" time="0.001"/>
  <system-out/>
</testsuite> <!-- test2.SecondTest -->
