<?xml version="1.0" encoding="UTF-8"?>
<!-- Generated by org.testng.reporters.JUnitReportReporter -->
<testsuite hostname="DESKTOP-BG61G85" failures="0" tests="1" name="test1.FirstTest" time="45.011" errors="0" timestamp="2021-02-15T17:20:47 GMT-07:00" skipped="0">
  <testcase classname="test1.FirstTest" name="Test1" time="45.011"/>
  <system-out/>
</testsuite> <!-- test1.FirstTest -->
